<?xml version="1.0" encoding="UTF-8"?>
<!-- Generated by org.testng.reporters.JUnitXMLReporter -->
<testsuite hostname="LAPTOP-4UNJFO42" failures="1" tests="1" name="Test" time="252.835" errors="0" timestamp="21 Oct 2020 19:57:50 GMT">
  <testcase classname="seleniumTest.test" name="t1" time="238.024">
    <failure type="java.lang.AssertionError" message="expected [30.98] but found [381.4]">
      <![CDATA[java.lang.AssertionError: expected [30.98] but found [381.4]
	at seleniumTest.test.t1(test.java:220)
... Removed 29 stack frames]]>
    </failure>
  </testcase> <!-- t1 -->
</testsuite> <!-- Test -->
